<?xml version="1.0" encoding="UTF-8"?>
<coverage generated="1560704787">
  <project timestamp="1560704787">
    <package name="Orchid\Access">
      <file name="/home/travis/build/orchidsoftware/platform/src/Access/RoleAccess.php">
        <class name="RoleAccess" namespace="Orchid\Access">
          <metrics complexity="8" methods="5" coveredmethods="5" conditionals="0" coveredconditionals="0" statements="8" coveredstatements="8" elements="13" coveredelements="13"/>
        </class>
        <line num="19" type="method" name="getRoleId" visibility="public" complexity="1" crap="1" count="2"/>
        <line num="21" type="stmt" count="2"/>
        <line num="27" type="method" name="getRoleSlug" visibility="public" complexity="1" crap="1" count="2"/>
        <line num="29" type="stmt" count="2"/>
        <line num="35" type="method" name="getUsers" visibility="public" complexity="1" crap="1" count="1"/>
        <line num="37" type="stmt" count="1"/>
        <line num="45" type="method" name="users" visibility="public" complexity="1" crap="1" count="2"/>
        <line num="47" type="stmt" count="2"/>
        <line num="55" type="method" name="delete" visibility="public" complexity="4" crap="4" count="1"/>
        <line num="57" type="stmt" count="1"/>
        <line num="58" type="stmt" count="1"/>
        <line num="59" type="stmt" count="1"/>
        <line num="62" type="stmt" count="1"/>
        <metrics loc="64" ncloc="45" classes="1" methods="5" coveredmethods="5" conditionals="0" coveredconditionals="0" statements="8" coveredstatements="8" elements="13" coveredelements="13"/>
      </file>
      <file name="/home/travis/build/orchidsoftware/platform/src/Access/UserAccess.php">
        <class name="UserAccess" namespace="Orchid\Access">
          <metrics complexity="21" methods="11" coveredmethods="11" conditionals="0" coveredconditionals="0" statements="39" coveredstatements="39" elements="50" coveredelements="50"/>
        </class>
        <line num="27" type="method" name="getRoles" visibility="public" complexity="1" crap="1" count="1"/>
        <line num="29" type="stmt" count="1"/>
        <line num="35" type="method" name="roles" visibility="public" complexity="1" crap="1" count="25"/>
        <line num="37" type="stmt" count="25"/>
        <line num="45" type="method" name="inRole" visibility="public" complexity="4" crap="4" count="3"/>
        <line num="48" type="stmt" count="2"/>
        <line num="49" type="stmt" count="2"/>
        <line num="51" type="stmt" count="1"/>
        <line num="52" type="stmt" count="1"/>
        <line num="55" type="stmt" count="1"/>
        <line num="56" type="stmt" count="3"/>
        <line num="58" type="stmt" count="3"/>
        <line num="67" type="method" name="hasAccess" visibility="public" complexity="6" crap="6" count="22"/>
        <line num="69" type="stmt" count="22"/>
        <line num="70" type="stmt" count="22"/>
        <line num="71" type="stmt" count="22"/>
        <line num="72" type="stmt" count="22"/>
        <line num="75" type="stmt" count="22"/>
        <line num="77" type="stmt" count="22"/>
        <line num="78" type="stmt" count="22"/>
        <line num="79" type="stmt" count="22"/>
        <line num="83" type="stmt" count="1"/>
        <line num="91" type="method" name="addRole" visibility="public" complexity="1" crap="1" count="3"/>
        <line num="93" type="stmt" count="3"/>
        <line num="95" type="stmt" count="3"/>
        <line num="97" type="stmt" count="3"/>
        <line num="107" type="method" name="removeRoleBySlug" visibility="public" complexity="1" crap="1" count="1"/>
        <line num="109" type="stmt" count="1"/>
        <line num="111" type="stmt" count="1"/>
        <line num="119" type="method" name="removeRole" visibility="public" complexity="1" crap="1" count="1"/>
        <line num="121" type="stmt" count="1"/>
        <line num="123" type="stmt" count="1"/>
        <line num="125" type="stmt" count="1"/>
        <line num="133" type="method" name="replaceRoles" visibility="public" complexity="1" crap="1" count="1"/>
        <line num="135" type="stmt" count="1"/>
        <line num="137" type="stmt" count="1"/>
        <line num="139" type="stmt" count="1"/>
        <line num="141" type="stmt" count="1"/>
        <line num="143" type="stmt" count="1"/>
        <line num="149" type="method" name="eventAddRole" visibility="public" complexity="1" crap="1" count="4"/>
        <line num="151" type="stmt" count="4"/>
        <line num="152" type="stmt" count="4"/>
        <line num="157" type="method" name="eventRemoveRole" visibility="public" complexity="1" crap="1" count="2"/>
        <line num="159" type="stmt" count="2"/>
        <line num="160" type="stmt" count="2"/>
        <line num="167" type="method" name="delete" visibility="public" complexity="3" crap="3" count="2"/>
        <line num="169" type="stmt" count="2"/>
        <line num="170" type="stmt" count="2"/>
        <line num="171" type="stmt" count="2"/>
        <line num="174" type="stmt" count="2"/>
        <metrics loc="176" ncloc="123" classes="1" methods="11" coveredmethods="11" conditionals="0" coveredconditionals="0" statements="39" coveredstatements="39" elements="50" coveredelements="50"/>
      </file>
      <file name="/home/travis/build/orchidsoftware/platform/src/Access/UserSwitch.php">
        <class name="Orchid\Access\UserSwitch" namespace="Orchid\Access">
          <metrics complexity="4" methods="3" coveredmethods="3" conditionals="0" coveredconditionals="0" statements="8" coveredstatements="8" elements="11" coveredelements="11"/>
        </class>
        <line num="19" type="method" name="loginAs" visibility="public" complexity="2" crap="2" count="1"/>
        <line num="21" type="stmt" count="1"/>
        <line num="22" type="stmt" count="1"/>
        <line num="25" type="stmt" count="1"/>
        <line num="26" type="stmt" count="1"/>
        <line num="31" type="method" name="logout" visibility="public" complexity="1" crap="1" count="1"/>
        <line num="33" type="stmt" count="1"/>
        <line num="34" type="stmt" count="1"/>
        <line num="35" type="stmt" count="1"/>
        <line num="40" type="method" name="isSwitch" visibility="public" complexity="1" crap="1" count="13"/>
        <line num="42" type="stmt" count="13"/>
        <metrics loc="44" ncloc="33" classes="1" methods="3" coveredmethods="3" conditionals="0" coveredconditionals="0" statements="8" coveredstatements="8" elements="11" coveredelements="11"/>
      </file>
    </package>
    <file name="/home/travis/build/orchidsoftware/platform/src/Access/RoleInterface.php">
      <metrics loc="27" ncloc="16" classes="0" methods="0" coveredmethods="0" conditionals="0" coveredconditionals="0" statements="0" coveredstatements="0" elements="0" coveredelements="0"/>
    </file>
    <file name="/home/travis/build/orchidsoftware/platform/src/Access/UserInterface.php">
      <metrics loc="17" ncloc="12" classes="0" methods="0" coveredmethods="0" conditionals="0" coveredconditionals="0" statements="0" coveredstatements="0" elements="0" coveredelements="0"/>
    </file>
    <package name="Orchid\Alert">
      <file name="/home/travis/build/orchidsoftware/platform/src/Alert/Alert.php">
        <class name="Orchid\Alert\Alert" namespace="Orchid\Alert">
          <metrics complexity="6" methods="6" coveredmethods="6" conditionals="0" coveredconditionals="0" statements="13" coveredstatements="13" elements="19" coveredelements="19"/>
        </class>
        <line num="24" type="method" name="__construct" visibility="public" complexity="1" crap="1" count="8"/>
        <line num="26" type="stmt" count="8"/>
        <line num="27" type="stmt" count="8"/>
        <line num="36" type="method" name="info" visibility="public" complexity="1" crap="1" count="4"/>
        <line num="38" type="stmt" count="4"/>
        <line num="40" type="stmt" count="4"/>
        <line num="51" type="method" name="message" visibility="public" complexity="1" crap="1" count="8"/>
        <line num="53" type="stmt" count="8"/>
        <line num="54" type="stmt" count="8"/>
        <line num="56" type="stmt" count="8"/>
        <line num="66" type="method" name="success" visibility="public" complexity="1" crap="1" count="1"/>
        <line num="68" type="stmt" count="1"/>
        <line num="70" type="stmt" count="1"/>
        <line num="80" type="method" name="error" visibility="public" complexity="1" crap="1" count="1"/>
        <line num="82" type="stmt" count="1"/>
        <line num="84" type="stmt" count="1"/>
        <line num="94" type="method" name="warning" visibility="public" complexity="1" crap="1" count="1"/>
        <line num="96" type="stmt" count="1"/>
        <line num="98" type="stmt" count="1"/>
        <metrics loc="100" ncloc="53" classes="1" methods="6" coveredmethods="6" conditionals="0" coveredconditionals="0" statements="13" coveredstatements="13" elements="19" coveredelements="19"/>
      </file>
    </package>
    <package name="Orchid\Attachment">
      <file name="/home/travis/build/orchidsoftware/platform/src/Attachment/Attachable.php">
        <class name="Attachable" namespace="Orchid\Attachment">
          <metrics complexity="2" methods="1" coveredmethods="0" conditionals="0" coveredconditionals="0" statements="9" coveredstatements="0" elements="10" coveredelements="0"/>
        </class>
        <line num="21" type="method" name="attachment" visibility="public" complexity="2" crap="6.00" count="0"/>
        <line num="23" type="stmt" count="0"/>
        <line num="24" type="stmt" count="0"/>
        <line num="25" type="stmt" count="0"/>
        <line num="26" type="stmt" count="0"/>
        <line num="27" type="stmt" count="0"/>
        <line num="28" type="stmt" count="0"/>
        <line num="31" type="stmt" count="0"/>
        <line num="32" type="stmt" count="0"/>
        <line num="36" type="stmt" count="0"/>
        <metrics loc="38" ncloc="30" classes="1" methods="1" coveredmethods="0" conditionals="0" coveredconditionals="0" statements="9" coveredstatements="0" elements="10" coveredelements="0"/>
      </file>
      <file name="/home/travis/build/orchidsoftware/platform/src/Attachment/File.php">
        <class name="Orchid\Attachment\File" namespace="Orchid\Attachment">
          <metrics complexity="11" methods="8" coveredmethods="7" conditionals="0" coveredconditionals="0" statements="49" coveredstatements="48" elements="57" coveredelements="55"/>
        </class>
        <line num="74" type="method" name="__construct" visibility="public" complexity="1" crap="1" count="16"/>
        <line num="76" type="stmt" count="16"/>
        <line num="77" type="stmt" count="16"/>
        <line num="78" type="stmt" count="16"/>
        <line num="79" type="stmt" count="16"/>
        <line num="80" type="stmt" count="16"/>
        <line num="81" type="stmt" count="16"/>
        <line num="82" type="stmt" count="16"/>
        <line num="83" type="stmt" count="16"/>
        <line num="84" type="stmt" count="16"/>
        <line num="85" type="stmt" count="16"/>
        <line num="90" type="method" name="loadHashFile" visibility="private" complexity="1" crap="1" count="16"/>
        <line num="92" type="stmt" count="16"/>
        <line num="94" type="stmt" count="16"/>
        <line num="100" type="method" name="getHashFile" visibility="public" complexity="1" crap="1" count="16"/>
        <line num="102" type="stmt" count="16"/>
        <line num="108" type="method" name="load" visibility="public" complexity="3" crap="3.01" count="16"/>
        <line num="110" type="stmt" count="16"/>
        <line num="112" type="stmt" count="16"/>
        <line num="113" type="stmt" count="0"/>
        <line num="116" type="stmt" count="16"/>
        <line num="117" type="stmt" count="16"/>
        <line num="120" type="stmt" count="1"/>
        <line num="121" type="stmt" count="1"/>
        <line num="122" type="stmt" count="1"/>
        <line num="123" type="stmt" count="1"/>
        <line num="126" type="stmt" count="1"/>
        <line num="128" type="stmt" count="1"/>
        <line num="134" type="method" name="getMatchesHash" visibility="private" complexity="1" crap="1" count="16"/>
        <line num="136" type="stmt" count="16"/>
        <line num="142" type="method" name="save" visibility="private" complexity="1" crap="1" count="16"/>
        <line num="144" type="stmt" count="16"/>
        <line num="145" type="stmt" count="16"/>
        <line num="147" type="stmt" count="16"/>
        <line num="148" type="stmt" count="16"/>
        <line num="151" type="stmt" count="16"/>
        <line num="152" type="stmt" count="16"/>
        <line num="153" type="stmt" count="16"/>
        <line num="154" type="stmt" count="16"/>
        <line num="155" type="stmt" count="16"/>
        <line num="156" type="stmt" count="16"/>
        <line num="157" type="stmt" count="16"/>
        <line num="158" type="stmt" count="16"/>
        <line num="159" type="stmt" count="16"/>
        <line num="160" type="stmt" count="16"/>
        <line num="161" type="stmt" count="16"/>
        <line num="164" type="stmt" count="16"/>
        <line num="166" type="stmt" count="16"/>
        <line num="172" type="method" name="getClientOriginalExtension" visibility="private" complexity="2" crap="2" count="16"/>
        <line num="174" type="stmt" count="16"/>
        <line num="176" type="stmt" count="16"/>
        <line num="177" type="stmt" count="1"/>
        <line num="180" type="stmt" count="16"/>
        <line num="186" type="method" name="getMimeType" visibility="public" complexity="1" crap="1" count="16"/>
        <line num="188" type="stmt" count="16"/>
        <line num="189" type="stmt" count="1"/>
        <line num="190" type="stmt" count="16"/>
        <metrics loc="192" ncloc="134" classes="1" methods="8" coveredmethods="7" conditionals="0" coveredconditionals="0" statements="49" coveredstatements="48" elements="57" coveredelements="55"/>
      </file>
    </package>
    <package name="Orchid\Attachment\Models">
      <file name="/home/travis/build/orchidsoftware/platform/src/Attachment/Models/Attachment.php">
        <class name="Orchid\Attachment\Models\Attachment" namespace="Orchid\Attachment\Models">
          <metrics complexity="18" methods="9" coveredmethods="9" conditionals="0" coveredconditionals="0" statements="23" coveredstatements="23" elements="32" coveredelements="32"/>
        </class>
        <line num="83" type="method" name="user" visibility="public" complexity="1" crap="1" count="1"/>
        <line num="85" type="stmt" count="1"/>
        <line num="95" type="method" name="url" visibility="public" complexity="3" crap="3" count="12"/>
        <line num="97" type="stmt" count="12"/>
        <line num="99" type="stmt" count="12"/>
        <line num="100" type="stmt" count="11"/>
        <line num="103" type="stmt" count="2"/>
        <line num="109" type="method" name="getUrlAttribute" visibility="public" complexity="2" crap="2" count="8"/>
        <line num="111" type="stmt" count="8"/>
        <line num="117" type="method" name="getRelativeUrlAttribute" visibility="public" complexity="3" crap="3" count="6"/>
        <line num="119" type="stmt" count="6"/>
        <line num="121" type="stmt" count="6"/>
        <line num="122" type="stmt" count="1"/>
        <line num="125" type="stmt" count="6"/>
        <line num="131" type="method" name="getTitleAttribute" visibility="public" complexity="3" crap="3" count="1"/>
        <line num="133" type="stmt" count="1"/>
        <line num="134" type="stmt" count="1"/>
        <line num="137" type="stmt" count="1"/>
        <line num="143" type="method" name="physicalPath" visibility="public" complexity="1" crap="1" count="13"/>
        <line num="145" type="stmt" count="13"/>
        <line num="153" type="method" name="delete" visibility="public" complexity="3" crap="3" count="3"/>
        <line num="155" type="stmt" count="3"/>
        <line num="156" type="stmt" count="3"/>
        <line num="158" type="stmt" count="2"/>
        <line num="160" type="stmt" count="3"/>
        <line num="163" type="stmt" count="3"/>
        <line num="169" type="method" name="relationships" visibility="public" complexity="1" crap="1" count="3"/>
        <line num="171" type="stmt" count="3"/>
        <line num="179" type="method" name="getMimeType" visibility="public" complexity="1" crap="1" count="2"/>
        <line num="181" type="stmt" count="2"/>
        <line num="183" type="stmt" count="2"/>
        <line num="185" type="stmt" count="2"/>
        <metrics loc="187" ncloc="132" classes="1" methods="9" coveredmethods="9" conditionals="0" coveredconditionals="0" statements="23" coveredstatements="23" elements="32" coveredelements="32"/>
      </file>
      <file name="/home/travis/build/orchidsoftware/platform/src/Attachment/Models/Attachmentable.php">
        <class name="Orchid\Attachment\Models\Attachmentable" namespace="Orchid\Attachment\Models">
          <metrics complexity="0" methods="0" coveredmethods="0" conditionals="0" coveredconditionals="0" statements="0" coveredstatements="0" elements="0" coveredelements="0"/>
        </class>
        <metrics loc="22" ncloc="13" classes="0" methods="0" coveredmethods="0" conditionals="0" coveredconditionals="0" statements="0" coveredstatements="0" elements="0" coveredelements="0"/>
      </file>
    </package>
    <package name="Orchid\Filters">
      <file name="/home/travis/build/orchidsoftware/platform/src/Filters/Filter.php">
        <class name="Orchid\Filters\Filter" namespace="Orchid\Filters">
          <metrics complexity="12" methods="8" coveredmethods="3" conditionals="0" coveredconditionals="0" statements="16" coveredstatements="8" elements="24" coveredelements="11"/>
        </class>
        <line num="45" type="method" name="__construct" visibility="public" complexity="1" crap="1" count="1"/>
        <line num="47" type="stmt" count="1"/>
        <line num="48" type="stmt" count="1"/>
        <line num="49" type="stmt" count="1"/>
        <line num="56" type="method" name="filter" visibility="public" complexity="3" crap="3.33" count="1"/>
        <line num="58" type="stmt" count="1"/>
        <line num="59" type="stmt" count="0"/>
        <line num="62" type="stmt" count="1"/>
        <line num="75" type="method" name="display" visibility="public" complexity="1" crap="2.00" count="0"/>
        <line num="78" type="stmt" count="0"/>
        <line num="88" type="method" name="render" visibility="public" complexity="1" crap="1" count="1"/>
        <line num="91" type="stmt" count="1"/>
        <line num="92" type="stmt" count="1"/>
        <line num="98" type="method" name="count" visibility="public" complexity="1" crap="2.00" count="0"/>
        <line num="100" type="stmt" count="0"/>
        <line num="106" type="method" name="isApply" visibility="public" complexity="1" crap="1" count="1"/>
        <line num="108" type="stmt" count="1"/>
        <line num="114" type="method" name="value" visibility="public" complexity="1" crap="2.00" count="0"/>
        <line num="116" type="stmt" count="0"/>
        <line num="117" type="stmt" count="0"/>
        <line num="119" type="stmt" count="0"/>
        <line num="125" type="method" name="resetLink" visibility="public" complexity="1" crap="2.00" count="0"/>
        <line num="127" type="stmt" count="0"/>
        <line num="129" type="stmt" count="0"/>
        <metrics loc="131" ncloc="76" classes="1" methods="8" coveredmethods="3" conditionals="0" coveredconditionals="0" statements="16" coveredstatements="8" elements="24" coveredelements="11"/>
      </file>
      <file name="/home/travis/build/orchidsoftware/platform/src/Filters/Filterable.php">
        <class name="Filterable" namespace="Orchid\Filters">
          <metrics complexity="9" methods="5" coveredmethods="5" conditionals="0" coveredconditionals="0" statements="18" coveredstatements="18" elements="23" coveredelements="23"/>
        </class>
        <line num="21" type="method" name="scopeFiltersApply" visibility="public" complexity="3" crap="3" count="1"/>
        <line num="23" type="stmt" count="1"/>
        <line num="24" type="stmt" count="1"/>
        <line num="25" type="stmt" count="1"/>
        <line num="28" type="stmt" count="1"/>
        <line num="31" type="stmt" count="1"/>
        <line num="42" type="method" name="scopeFiltersApplySelection" visibility="public" complexity="2" crap="2" count="1"/>
        <line num="44" type="stmt" count="1"/>
        <line num="45" type="stmt" count="1"/>
        <line num="48" type="stmt" count="1"/>
        <line num="50" type="stmt" count="1"/>
        <line num="59" type="method" name="scopeFilters" visibility="public" complexity="1" crap="1" count="10"/>
        <line num="61" type="stmt" count="10"/>
        <line num="62" type="stmt" count="10"/>
        <line num="64" type="stmt" count="10"/>
        <line num="74" type="method" name="scopeDefaultSort" visibility="public" complexity="2" crap="2" count="2"/>
        <line num="76" type="stmt" count="2"/>
        <line num="77" type="stmt" count="2"/>
        <line num="80" type="stmt" count="2"/>
        <line num="86" type="method" name="getOptionsFilter" visibility="public" complexity="1" crap="1" count="10"/>
        <line num="88" type="stmt" count="10"/>
        <line num="89" type="stmt" count="10"/>
        <line num="90" type="stmt" count="10"/>
        <metrics loc="93" ncloc="61" classes="1" methods="5" coveredmethods="5" conditionals="0" coveredconditionals="0" statements="18" coveredstatements="18" elements="23" coveredelements="23"/>
      </file>
      <file name="/home/travis/build/orchidsoftware/platform/src/Filters/HttpFilter.php">
        <class name="Orchid\Filters\HttpFilter" namespace="Orchid\Filters">
          <metrics complexity="25" methods="11" coveredmethods="7" conditionals="0" coveredconditionals="0" statements="58" coveredstatements="53" elements="69" coveredelements="60"/>
        </class>
        <line num="46" type="method" name="__construct" visibility="public" complexity="1" crap="1" count="12"/>
        <line num="48" type="stmt" count="12"/>
        <line num="51" type="stmt" count="5"/>
        <line num="52" type="stmt" count="12"/>
        <line num="53" type="stmt" count="12"/>
        <line num="54" type="stmt" count="12"/>
        <line num="61" type="method" name="parseHttpValue" visibility="protected" complexity="3" crap="3.04" count="5"/>
        <line num="63" type="stmt" count="5"/>
        <line num="64" type="stmt" count="0"/>
        <line num="67" type="stmt" count="5"/>
        <line num="69" type="stmt" count="5"/>
        <line num="70" type="stmt" count="1"/>
        <line num="73" type="stmt" count="4"/>
        <line num="81" type="method" name="sanitize" visibility="public" complexity="2" crap="2" count="9"/>
        <line num="83" type="stmt" count="9"/>
        <line num="84" type="stmt" count="1"/>
        <line num="87" type="stmt" count="8"/>
        <line num="95" type="method" name="build" visibility="public" complexity="1" crap="1" count="10"/>
        <line num="97" type="stmt" count="10"/>
        <line num="98" type="stmt" count="10"/>
        <line num="99" type="stmt" count="10"/>
        <line num="101" type="stmt" count="10"/>
        <line num="107" type="method" name="addFiltersToQuery" visibility="protected" complexity="3" crap="3" count="10"/>
        <line num="109" type="stmt" count="10"/>
        <line num="112" type="stmt" count="5"/>
        <line num="113" type="stmt" count="5"/>
        <line num="114" type="stmt" count="1"/>
        <line num="117" type="stmt" count="5"/>
        <line num="118" type="stmt" count="4"/>
        <line num="119" type="stmt" count="4"/>
        <line num="121" type="stmt" count="10"/>
        <line num="122" type="stmt" count="10"/>
        <line num="131" type="method" name="filtersExact" visibility="protected" complexity="3" crap="3" count="4"/>
        <line num="133" type="stmt" count="4"/>
        <line num="135" type="stmt" count="4"/>
        <line num="136" type="stmt" count="1"/>
        <line num="139" type="stmt" count="3"/>
        <line num="140" type="stmt" count="1"/>
        <line num="143" type="stmt" count="2"/>
        <line num="149" type="method" name="addSortsToQuery" visibility="protected" complexity="3" crap="3" count="10"/>
        <line num="151" type="stmt" count="10"/>
        <line num="153" type="stmt" count="10"/>
        <line num="155" type="stmt" count="4"/>
        <line num="156" type="stmt" count="4"/>
        <line num="157" type="stmt" count="4"/>
        <line num="158" type="stmt" count="4"/>
        <line num="160" type="stmt" count="4"/>
        <line num="161" type="stmt" count="3"/>
        <line num="162" type="stmt" count="3"/>
        <line num="164" type="stmt" count="10"/>
        <line num="165" type="stmt" count="10"/>
        <line num="172" type="method" name="isSort" visibility="public" complexity="4" crap="4.37" count="3"/>
        <line num="174" type="stmt" count="3"/>
        <line num="175" type="stmt" count="0"/>
        <line num="178" type="stmt" count="3"/>
        <line num="179" type="stmt" count="1"/>
        <line num="182" type="stmt" count="2"/>
        <line num="183" type="stmt" count="0"/>
        <line num="186" type="stmt" count="2"/>
        <line num="194" type="method" name="revertSort" visibility="public" complexity="2" crap="2.15" count="2"/>
        <line num="196" type="stmt" count="2"/>
        <line num="197" type="stmt" count="0"/>
        <line num="200" type="stmt" count="2"/>
        <line num="208" type="method" name="getSort" visibility="public" complexity="2" crap="2.15" count="3"/>
        <line num="210" type="stmt" count="3"/>
        <line num="211" type="stmt" count="0"/>
        <line num="214" type="stmt" count="3"/>
        <line num="222" type="method" name="getFilter" visibility="public" complexity="1" crap="1" count="6"/>
        <line num="224" type="stmt" count="6"/>
        <metrics loc="226" ncloc="155" classes="1" methods="11" coveredmethods="7" conditionals="0" coveredconditionals="0" statements="58" coveredstatements="53" elements="69" coveredelements="60"/>
      </file>
    </package>
    <package name="Orchid\Platform\Commands">
      <file name="/home/travis/build/orchidsoftware/platform/src/Platform/Commands/AdminCommand.php">
        <class name="Orchid\Platform\Commands\AdminCommand" namespace="Orchid\Platform\Commands">
          <metrics complexity="3" methods="2" coveredmethods="2" conditionals="0" coveredconditionals="0" statements="12" coveredstatements="12" elements="14" coveredelements="14"/>
        </class>
        <line num="47" type="method" name="__construct" visibility="public" complexity="1" crap="1" count="152"/>
        <line num="49" type="stmt" count="152"/>
        <line num="51" type="stmt" count="152"/>
        <line num="52" type="stmt" count="152"/>
        <line num="59" type="method" name="handle" visibility="public" complexity="2" crap="2" count="152"/>
        <line num="62" type="stmt" count="152"/>
        <line num="63" type="stmt" count="152"/>
        <line num="64" type="stmt" count="152"/>
        <line num="65" type="stmt" count="152"/>
        <line num="66" type="stmt" count="152"/>
        <line num="69" type="stmt" count="152"/>
        <line num="70" type="stmt" count="1"/>
        <line num="71" type="stmt" count="1"/>
        <line num="73" type="stmt" count="152"/>
        <metrics loc="74" ncloc="46" classes="1" methods="2" coveredmethods="2" conditionals="0" coveredconditionals="0" statements="12" coveredstatements="12" elements="14" coveredelements="14"/>
      </file>
      <file name="/home/travis/build/orchidsoftware/platform/src/Platform/Commands/ChartCommand.php">
        <class name="Orchid\Platform\Commands\ChartCommand" namespace="Orchid\Platform\Commands">
          <metrics complexity="2" methods="2" coveredmethods="2" conditionals="0" coveredconditionals="0" statements="2" coveredstatements="2" elements="4" coveredelements="4"/>
        </class>
        <line num="37" type="method" name="getStub" visibility="protected" complexity="1" crap="1" count="1"/>
        <line num="39" type="stmt" count="1"/>
        <line num="49" type="method" name="getDefaultNamespace" visibility="protected" complexity="1" crap="1" count="1"/>
        <line num="51" type="stmt" count="1"/>
        <metrics loc="53" ncloc="26" classes="1" methods="2" coveredmethods="2" conditionals="0" coveredconditionals="0" statements="2" coveredstatements="2" elements="4" coveredelements="4"/>
      </file>
      <file name="/home/travis/build/orchidsoftware/platform/src/Platform/Commands/FilterCommand.php">
        <class name="Orchid\Platform\Commands\FilterCommand" namespace="Orchid\Platform\Commands">
          <metrics complexity="2" methods="2" coveredmethods="2" conditionals="0" coveredconditionals="0" statements="2" coveredstatements="2" elements="4" coveredelements="4"/>
        </class>
        <line num="37" type="method" name="getStub" visibility="protected" complexity="1" crap="1" count="1"/>
        <line num="39" type="stmt" count="1"/>
        <line num="49" type="method" name="getDefaultNamespace" visibility="protected" complexity="1" crap="1" count="1"/>
        <line num="51" type="stmt" count="1"/>
        <metrics loc="53" ncloc="26" classes="1" methods="2" coveredmethods="2" conditionals="0" coveredconditionals="0" statements="2" coveredstatements="2" elements="4" coveredelements="4"/>
      </file>
      <file name="/home/travis/build/orchidsoftware/platform/src/Platform/Commands/InstallCommand.php">
        <class name="Orchid\Platform\Commands\InstallCommand" namespace="Orchid\Platform\Commands">
          <metrics complexity="14" methods="6" coveredmethods="1" conditionals="0" coveredconditionals="0" statements="54" coveredstatements="44" elements="60" coveredelements="45"/>
        </class>
        <line num="39" type="method" name="handle" visibility="public" complexity="1" crap="1" count="1"/>
        <line num="41" type="stmt" count="1"/>
        <line num="42" type="stmt" count="1"/>
        <line num="44" type="stmt" count="1"/>
        <line num="46" type="stmt" count="1"/>
        <line num="56" type="stmt" count="1"/>
        <line num="60" type="stmt" count="1"/>
        <line num="63" type="stmt" count="1"/>
        <line num="64" type="stmt" count="1"/>
        <line num="65" type="stmt" count="1"/>
        <line num="67" type="stmt" count="1"/>
        <line num="70" type="stmt" count="1"/>
        <line num="71" type="stmt" count="1"/>
        <line num="78" type="stmt" count="1"/>
        <line num="79" type="stmt" count="1"/>
        <line num="81" type="stmt" count="1"/>
        <line num="82" type="stmt" count="1"/>
        <line num="83" type="stmt" count="1"/>
        <line num="86" type="stmt" count="1"/>
        <line num="87" type="stmt" count="1"/>
        <line num="89" type="stmt" count="1"/>
        <line num="91" type="stmt" count="1"/>
        <line num="92" type="stmt" count="1"/>
        <line num="100" type="method" name="executeCommand" visibility="private" complexity="3" crap="3.24" count="1"/>
        <line num="102" type="stmt" count="1"/>
        <line num="103" type="stmt" count="1"/>
        <line num="106" type="stmt" count="1"/>
        <line num="107" type="stmt" count="1"/>
        <line num="108" type="stmt" count="0"/>
        <line num="109" type="stmt" count="0"/>
        <line num="110" type="stmt" count="0"/>
        <line num="113" type="stmt" count="1"/>
        <line num="116" type="stmt" count="1"/>
        <line num="118" type="stmt" count="1"/>
        <line num="121" type="method" name="changeUserModel" visibility="private" complexity="2" crap="2.15" count="1"/>
        <line num="123" type="stmt" count="1"/>
        <line num="125" type="stmt" count="1"/>
        <line num="127" type="stmt" count="1"/>
        <line num="128" type="stmt" count="1"/>
        <line num="129" type="stmt" count="1"/>
        <line num="131" type="stmt" count="1"/>
        <line num="134" type="stmt" count="0"/>
        <line num="135" type="stmt" count="0"/>
        <line num="136" type="stmt" count="0"/>
        <line num="144" type="method" name="setValueEnv" visibility="private" complexity="3" crap="3.14" count="1"/>
        <line num="146" type="stmt" count="1"/>
        <line num="148" type="stmt" count="1"/>
        <line num="149" type="stmt" count="0"/>
        <line num="152" type="stmt" count="1"/>
        <line num="158" type="method" name="checkInstall" visibility="private" complexity="3" crap="3.33" count="1"/>
        <line num="160" type="stmt" count="1"/>
        <line num="161" type="stmt" count="0"/>
        <line num="164" type="stmt" count="1"/>
        <line num="166" type="stmt" count="1"/>
        <line num="167" type="stmt" count="0"/>
        <line num="170" type="stmt" count="1"/>
        <line num="178" type="method" name="fileGetContent" visibility="private" complexity="2" crap="2.15" count="1"/>
        <line num="180" type="stmt" count="1"/>
        <line num="181" type="stmt" count="0"/>
        <line num="184" type="stmt" count="1"/>
        <metrics loc="186" ncloc="146" classes="1" methods="6" coveredmethods="1" conditionals="0" coveredconditionals="0" statements="54" coveredstatements="44" elements="60" coveredelements="45"/>
      </file>
      <file name="/home/travis/build/orchidsoftware/platform/src/Platform/Commands/LinkCommand.php">
        <class name="Orchid\Platform\Commands\LinkCommand" namespace="Orchid\Platform\Commands">
          <metrics complexity="2" methods="1" coveredmethods="1" conditionals="0" coveredconditionals="0" statements="11" coveredstatements="11" elements="12" coveredelements="12"/>
        </class>
        <line num="33" type="method" name="handle" visibility="public" complexity="2" crap="2" count="1"/>
        <line num="35" type="stmt" count="1"/>
        <line num="37" type="stmt" count="1"/>
        <line num="38" type="stmt" count="1"/>
        <line num="40" type="stmt" count="1"/>
        <line num="44" type="stmt" count="1"/>
        <line num="45" type="stmt" count="1"/>
        <line num="47" type="stmt" count="1"/>
        <line num="48" type="stmt" count="1"/>
        <line num="49" type="stmt" count="1"/>
        <line num="51" type="stmt" count="1"/>
        <line num="52" type="stmt" count="1"/>
        <metrics loc="53" ncloc="36" classes="1" methods="1" coveredmethods="1" conditionals="0" coveredconditionals="0" statements="11" coveredstatements="11" elements="12" coveredelements="12"/>
      </file>
      <file name="/home/travis/build/orchidsoftware/platform/src/Platform/Commands/MetricsCommand.php">
        <class name="Orchid\Platform\Commands\MetricsCommand" namespace="Orchid\Platform\Commands">
          <metrics complexity="2" methods="2" coveredmethods="2" conditionals="0" coveredconditionals="0" statements="2" coveredstatements="2" elements="4" coveredelements="4"/>
        </class>
        <line num="37" type="method" name="getStub" visibility="protected" complexity="1" crap="1" count="1"/>
        <line num="39" type="stmt" count="1"/>
        <line num="49" type="method" name="getDefaultNamespace" visibility="protected" complexity="1" crap="1" count="1"/>
        <line num="51" type="stmt" count="1"/>
        <metrics loc="53" ncloc="26" classes="1" methods="2" coveredmethods="2" conditionals="0" coveredconditionals="0" statements="2" coveredstatements="2" elements="4" coveredelements="4"/>
      </file>
      <file name="/home/travis/build/orchidsoftware/platform/src/Platform/Commands/RowsCommand.php">
        <class name="Orchid\Platform\Commands\RowsCommand" namespace="Orchid\Platform\Commands">
          <metrics complexity="2" methods="2" coveredmethods="2" conditionals="0" coveredconditionals="0" statements="2" coveredstatements="2" elements="4" coveredelements="4"/>
        </class>
        <line num="37" type="method" name="getStub" visibility="protected" complexity="1" crap="1" count="1"/>
        <line num="39" type="stmt" count="1"/>
        <line num="49" type="method" name="getDefaultNamespace" visibility="protected" complexity="1" crap="1" count="1"/>
        <line num="51" type="stmt" count="1"/>
        <metrics loc="53" ncloc="26" classes="1" methods="2" coveredmethods="2" conditionals="0" coveredconditionals="0" statements="2" coveredstatements="2" elements="4" coveredelements="4"/>
      </file>
      <file name="/home/travis/build/orchidsoftware/platform/src/Platform/Commands/ScreenCommand.php">
        <class name="Orchid\Platform\Commands\ScreenCommand" namespace="Orchid\Platform\Commands">
          <metrics complexity="2" methods="2" coveredmethods="2" conditionals="0" coveredconditionals="0" statements="2" coveredstatements="2" elements="4" coveredelements="4"/>
        </class>
        <line num="37" type="method" name="getStub" visibility="protected" complexity="1" crap="1" count="1"/>
        <line num="39" type="stmt" count="1"/>
        <line num="49" type="method" name="getDefaultNamespace" visibility="protected" complexity="1" crap="1" count="1"/>
        <line num="51" type="stmt" count="1"/>
        <metrics loc="53" ncloc="26" classes="1" methods="2" coveredmethods="2" conditionals="0" coveredconditionals="0" statements="2" coveredstatements="2" elements="4" coveredelements="4"/>
      </file>
      <file name="/home/travis/build/orchidsoftware/platform/src/Platform/Commands/SelectionCommand.php">
        <class name="Orchid\Platform\Commands\SelectionCommand" namespace="Orchid\Platform\Commands">
          <metrics complexity="2" methods="2" coveredmethods="2" conditionals="0" coveredconditionals="0" statements="2" coveredstatements="2" elements="4" coveredelements="4"/>
        </class>
        <line num="37" type="method" name="getStub" visibility="protected" complexity="1" crap="1" count="1"/>
        <line num="39" type="stmt" count="1"/>
        <line num="49" type="method" name="getDefaultNamespace" visibility="protected" complexity="1" crap="1" count="1"/>
        <line num="51" type="stmt" count="1"/>
        <metrics loc="53" ncloc="26" classes="1" methods="2" coveredmethods="2" conditionals="0" coveredconditionals="0" statements="2" coveredstatements="2" elements="4" coveredelements="4"/>
      </file>
      <file name="/home/travis/build/orchidsoftware/platform/src/Platform/Commands/TableCommand.php">
        <class name="Orchid\Platform\Commands\TableCommand" namespace="Orchid\Platform\Commands">
          <metrics complexity="2" methods="2" coveredmethods="2" conditionals="0" coveredconditionals="0" statements="2" coveredstatements="2" elements="4" coveredelements="4"/>
        </class>
        <line num="37" type="method" name="getStub" visibility="protected" complexity="1" crap="1" count="1"/>
        <line num="39" type="stmt" count="1"/>
        <line num="49" type="method" name="getDefaultNamespace" visibility="protected" complexity="1" crap="1" count="1"/>
        <line num="51" type="stmt" count="1"/>
        <metrics loc="53" ncloc="26" classes="1" methods="2" coveredmethods="2" conditionals="0" coveredconditionals="0" statements="2" coveredstatements="2" elements="4" coveredelements="4"/>
      </file>
    </package>
    <package name="Orchid\Platform">
      <file name="/home/travis/build/orchidsoftware/platform/src/Platform/Dashboard.php">
        <class name="Orchid\Platform\Dashboard" namespace="Orchid\Platform">
          <metrics complexity="29" methods="21" coveredmethods="15" conditionals="0" coveredconditionals="0" statements="57" coveredstatements="44" elements="78" coveredelements="59"/>
        </class>
        <line num="63" type="method" name="__construct" visibility="public" complexity="1" crap="1" count="152"/>
        <line num="65" type="stmt" count="152"/>
        <line num="66" type="stmt" count="152"/>
        <line num="67" type="stmt" count="152"/>
        <line num="68" type="stmt" count="152"/>
        <line num="70" type="stmt" count="152"/>
        <line num="71" type="stmt" count="152"/>
        <line num="72" type="stmt" count="152"/>
        <line num="73" type="stmt" count="152"/>
        <line num="74" type="stmt" count="152"/>
        <line num="81" type="method" name="version" visibility="public" complexity="1" crap="1" count="1"/>
        <line num="83" type="stmt" count="1"/>
        <line num="93" type="method" name="prefix" visibility="public" complexity="1" crap="1" count="152"/>
        <line num="95" type="stmt" count="152"/>
        <line num="97" type="stmt" count="152"/>
        <line num="107" type="method" name="configure" visibility="public" complexity="1" crap="1" count="5"/>
        <line num="109" type="stmt" count="5"/>
        <line num="110" type="stmt" count="5"/>
        <line num="120" type="method" name="option" visibility="public" complexity="1" crap="1" count="1"/>
        <line num="122" type="stmt" count="1"/>
        <line num="131" type="method" name="modelClass" visibility="public" complexity="2" crap="2" count="152"/>
        <line num="133" type="stmt" count="152"/>
        <line num="135" type="stmt" count="152"/>
        <line num="146" type="method" name="model" visibility="public" complexity="1" crap="1" count="152"/>
        <line num="148" type="stmt" count="152"/>
        <line num="155" type="method" name="useModel" visibility="public" complexity="1" crap="1" count="1"/>
        <line num="157" type="stmt" count="1"/>
        <line num="158" type="stmt" count="1"/>
        <line num="165" type="method" name="checkUpdate" visibility="public" complexity="1" crap="1" count="3"/>
        <line num="167" type="stmt" count="3"/>
        <line num="175" type="method" name="registerPermissions" visibility="public" complexity="2" crap="2.01" count="152"/>
        <line num="177" type="stmt" count="152"/>
        <line num="178" type="stmt" count="0"/>
        <line num="181" type="stmt" count="152"/>
        <line num="182" type="stmt" count="152"/>
        <line num="184" type="stmt" count="152"/>
        <line num="185" type="stmt" count="152"/>
        <line num="187" type="stmt" count="152"/>
        <line num="195" type="method" name="registerEntities" visibility="public" complexity="1" crap="2.00" count="0"/>
        <line num="197" type="stmt" count="0"/>
        <line num="199" type="stmt" count="0"/>
        <line num="207" type="method" name="registerGlobalSearch" visibility="public" complexity="1" crap="1" count="152"/>
        <line num="209" type="stmt" count="152"/>
        <line num="211" type="stmt" count="152"/>
        <line num="220" type="method" name="registerResource" visibility="public" complexity="1" crap="1" count="152"/>
        <line num="222" type="stmt" count="152"/>
        <line num="224" type="stmt" count="152"/>
        <line num="226" type="stmt" count="152"/>
        <line num="236" type="method" name="getResource" visibility="public" complexity="2" crap="2" count="17"/>
        <line num="238" type="stmt" count="17"/>
        <line num="239" type="stmt" count="1"/>
        <line num="242" type="stmt" count="17"/>
        <line num="248" type="method" name="getEntities" visibility="public" complexity="2" crap="6.00" count="0"/>
        <line num="251" type="stmt" count="0"/>
        <line num="252" type="stmt" count="0"/>
        <line num="258" type="method" name="getGlobalSearch" visibility="public" complexity="2" crap="2.50" count="13"/>
        <line num="261" type="stmt" count="0"/>
        <line num="262" type="stmt" count="13"/>
        <line num="268" type="method" name="menu" visibility="public" complexity="1" crap="1" count="14"/>
        <line num="270" type="stmt" count="14"/>
        <line num="276" type="method" name="getPermission" visibility="public" complexity="4" crap="6.74" count="152"/>
        <line num="278" type="stmt" count="152"/>
        <line num="279" type="stmt" count="152"/>
        <line num="281" type="stmt" count="152"/>
        <line num="282" type="stmt" count="152"/>
        <line num="286" type="stmt" count="0"/>
        <line num="287" type="stmt" count="0"/>
        <line num="288" type="stmt" count="0"/>
        <line num="292" type="stmt" count="0"/>
        <line num="293" type="stmt" count="0"/>
        <line num="301" type="method" name="removePermission" visibility="public" complexity="1" crap="2.00" count="0"/>
        <line num="303" type="stmt" count="0"/>
        <line num="305" type="stmt" count="0"/>
        <line num="314" type="method" name="addPublicDirectory" visibility="public" complexity="1" crap="1" count="152"/>
        <line num="316" type="stmt" count="152"/>
        <line num="318" type="stmt" count="152"/>
        <line num="324" type="method" name="getPublicDirectory" visibility="public" complexity="1" crap="1" count="18"/>
        <line num="326" type="stmt" count="18"/>
        <metrics loc="328" ncloc="191" classes="1" methods="21" coveredmethods="15" conditionals="0" coveredconditionals="0" statements="57" coveredstatements="44" elements="78" coveredelements="59"/>
      </file>
      <file name="/home/travis/build/orchidsoftware/platform/src/Platform/ItemMenu.php">
        <class name="Orchid\Platform\ItemMenu" namespace="Orchid\Platform">
          <metrics complexity="13" methods="13" coveredmethods="12" conditionals="0" coveredconditionals="0" statements="32" coveredstatements="29" elements="45" coveredelements="41"/>
        </class>
        <line num="78" type="method" name="permission" visibility="public" complexity="1" crap="1" count="1"/>
        <line num="80" type="stmt" count="1"/>
        <line num="82" type="stmt" count="1"/>
        <line num="90" type="method" name="active" visibility="public" complexity="1" crap="1" count="13"/>
        <line num="92" type="stmt" count="13"/>
        <line num="94" type="stmt" count="13"/>
        <line num="102" type="method" name="label" visibility="public" complexity="1" crap="1" count="16"/>
        <line num="104" type="stmt" count="16"/>
        <line num="106" type="stmt" count="16"/>
        <line num="107" type="stmt" count="16"/>
        <line num="109" type="stmt" count="16"/>
        <line num="117" type="method" name="icon" visibility="public" complexity="1" crap="1" count="15"/>
        <line num="119" type="stmt" count="15"/>
        <line num="121" type="stmt" count="15"/>
        <line num="129" type="method" name="show" visibility="public" complexity="1" crap="1" count="1"/>
        <line num="131" type="stmt" count="1"/>
        <line num="133" type="stmt" count="1"/>
        <line num="141" type="method" name="slug" visibility="public" complexity="1" crap="1" count="15"/>
        <line num="143" type="stmt" count="15"/>
        <line num="145" type="stmt" count="15"/>
        <line num="157" type="method" name="route" visibility="public" complexity="1" crap="1" count="13"/>
        <line num="159" type="stmt" count="13"/>
        <line num="161" type="stmt" count="13"/>
        <line num="163" type="stmt" count="13"/>
        <line num="171" type="method" name="url" visibility="public" complexity="1" crap="2.00" count="0"/>
        <line num="173" type="stmt" count="0"/>
        <line num="175" type="stmt" count="0"/>
        <line num="177" type="stmt" count="0"/>
        <line num="185" type="method" name="title" visibility="public" complexity="1" crap="1" count="13"/>
        <line num="187" type="stmt" count="13"/>
        <line num="189" type="stmt" count="13"/>
        <line num="197" type="method" name="divider" visibility="public" complexity="1" crap="1" count="1"/>
        <line num="199" type="stmt" count="1"/>
        <line num="201" type="stmt" count="1"/>
        <line num="209" type="method" name="childs" visibility="public" complexity="1" crap="1" count="16"/>
        <line num="211" type="stmt" count="16"/>
        <line num="213" type="stmt" count="16"/>
        <line num="221" type="method" name="sort" visibility="public" complexity="1" crap="1" count="4"/>
        <line num="223" type="stmt" count="4"/>
        <line num="225" type="stmt" count="4"/>
        <line num="234" type="method" name="badge" visibility="public" complexity="1" crap="1" count="13"/>
        <line num="236" type="stmt" count="13"/>
        <line num="237" type="stmt" count="13"/>
        <line num="238" type="stmt" count="13"/>
        <line num="241" type="stmt" count="13"/>
        <metrics loc="243" ncloc="137" classes="1" methods="13" coveredmethods="12" conditionals="0" coveredconditionals="0" statements="32" coveredstatements="29" elements="45" coveredelements="41"/>
      </file>
      <file name="/home/travis/build/orchidsoftware/platform/src/Platform/ItemPermission.php">
        <class name="Orchid\Platform\ItemPermission" namespace="Orchid\Platform">
          <metrics complexity="2" methods="2" coveredmethods="2" conditionals="0" coveredconditionals="0" statements="7" coveredstatements="7" elements="9" coveredelements="9"/>
        </class>
        <line num="24" type="method" name="group" visibility="public" complexity="1" crap="1" count="152"/>
        <line num="26" type="stmt" count="152"/>
        <line num="28" type="stmt" count="152"/>
        <line num="30" type="stmt" count="152"/>
        <line num="39" type="method" name="addPermission" visibility="public" complexity="1" crap="1" count="152"/>
        <line num="41" type="stmt" count="152"/>
        <line num="42" type="stmt" count="152"/>
        <line num="43" type="stmt" count="152"/>
        <line num="46" type="stmt" count="152"/>
        <metrics loc="48" ncloc="31" classes="1" methods="2" coveredmethods="2" conditionals="0" coveredconditionals="0" statements="7" coveredstatements="7" elements="9" coveredelements="9"/>
      </file>
      <file name="/home/travis/build/orchidsoftware/platform/src/Platform/Menu.php">
        <class name="Orchid\Platform\Menu" namespace="Orchid\Platform">
          <metrics complexity="10" methods="7" coveredmethods="7" conditionals="0" coveredconditionals="0" statements="40" coveredstatements="40" elements="47" coveredelements="47"/>
        </class>
        <line num="66" type="method" name="__construct" visibility="public" complexity="1" crap="1" count="152"/>
        <line num="68" type="stmt" count="152"/>
        <line num="69" type="stmt" count="152"/>
        <line num="79" type="method" name="add" visibility="public" complexity="3" crap="3" count="16"/>
        <line num="81" type="stmt" count="16"/>
        <line num="83" type="stmt" count="16"/>
        <line num="84" type="stmt" count="1"/>
        <line num="87" type="stmt" count="15"/>
        <line num="88" type="stmt" count="15"/>
        <line num="89" type="stmt" count="15"/>
        <line num="91" type="stmt" count="15"/>
        <line num="92" type="stmt" count="15"/>
        <line num="93" type="stmt" count="15"/>
        <line num="94" type="stmt" count="15"/>
        <line num="97" type="stmt" count="15"/>
        <line num="99" type="stmt" count="15"/>
        <line num="110" type="method" name="render" visibility="public" complexity="1" crap="1" count="14"/>
        <line num="112" type="stmt" count="14"/>
        <line num="114" type="stmt" count="14"/>
        <line num="115" type="stmt" count="14"/>
        <line num="117" type="stmt" count="14"/>
        <line num="118" type="stmt" count="14"/>
        <line num="119" type="stmt" count="14"/>
        <line num="127" type="method" name="build" visibility="public" complexity="1" crap="1" count="1"/>
        <line num="130" type="stmt" count="1"/>
        <line num="131" type="stmt" count="1"/>
        <line num="137" type="method" name="checkAccess" visibility="private" complexity="2" crap="2" count="14"/>
        <line num="139" type="stmt" count="14"/>
        <line num="141" type="stmt" count="14"/>
        <line num="143" type="stmt" count="14"/>
        <line num="144" type="stmt" count="14"/>
        <line num="147" type="stmt" count="1"/>
        <line num="148" type="stmt" count="14"/>
        <line num="150" type="stmt" count="14"/>
        <line num="158" type="method" name="findAllChildren" visibility="private" complexity="1" crap="1" count="14"/>
        <line num="160" type="stmt" count="14"/>
        <line num="161" type="stmt" count="14"/>
        <line num="162" type="stmt" count="14"/>
        <line num="164" type="stmt" count="14"/>
        <line num="166" type="stmt" count="14"/>
        <line num="168" type="stmt" count="14"/>
        <line num="171" type="stmt" count="13"/>
        <line num="172" type="stmt" count="14"/>
        <line num="174" type="stmt" count="14"/>
        <line num="175" type="stmt" count="14"/>
        <line num="185" type="method" name="showCountElement" visibility="public" complexity="1" crap="1" count="2"/>
        <line num="187" type="stmt" count="2"/>
        <metrics loc="189" ncloc="115" classes="1" methods="7" coveredmethods="7" conditionals="0" coveredconditionals="0" statements="40" coveredstatements="40" elements="47" coveredelements="47"/>
      </file>
      <file name="/home/travis/build/orchidsoftware/platform/src/Platform/Searchable.php">
        <class name="Searchable" namespace="Orchid\Platform">
          <metrics complexity="11" methods="6" coveredmethods="6" conditionals="0" coveredconditionals="0" statements="7" coveredstatements="7" elements="13" coveredelements="13"/>
        </class>
        <line num="17" type="method" name="searchLabel" visibility="public" complexity="2" crap="2" count="1"/>
        <line num="19" type="stmt" count="1"/>
        <line num="25" type="method" name="searchTitle" visibility="public" complexity="2" crap="2" count="1"/>
        <line num="27" type="stmt" count="1"/>
        <line num="28" type="stmt" count="1"/>
        <line num="34" type="method" name="searchSubTitle" visibility="public" complexity="2" crap="2" count="1"/>
        <line num="36" type="stmt" count="1"/>
        <line num="42" type="method" name="searchUrl" visibility="public" complexity="2" crap="2" count="1"/>
        <line num="44" type="stmt" count="1"/>
        <line num="50" type="method" name="searchAvatar" visibility="public" complexity="2" crap="2" count="1"/>
        <line num="52" type="stmt" count="1"/>
        <line num="60" type="method" name="searchQuery" visibility="public" complexity="1" crap="1" count="1"/>
        <line num="62" type="stmt" count="1"/>
        <metrics loc="64" ncloc="44" classes="1" methods="6" coveredmethods="6" conditionals="0" coveredconditionals="0" statements="7" coveredstatements="7" elements="13" coveredelements="13"/>
      </file>
      <file name="/home/travis/build/orchidsoftware/platform/src/Platform/Updates.php">
        <class name="Orchid\Platform\Updates" namespace="Orchid\Platform">
          <metrics complexity="11" methods="5" coveredmethods="2" conditionals="0" coveredconditionals="0" statements="36" coveredstatements="31" elements="41" coveredelements="33"/>
        </class>
        <line num="38" type="method" name="__construct" visibility="public" complexity="1" crap="1" count="5"/>
        <line num="40" type="stmt" count="5"/>
        <line num="41" type="stmt" count="5"/>
        <line num="46" type="method" name="check" visibility="public" complexity="1" crap="1" count="4"/>
        <line num="49" type="stmt" count="4"/>
        <line num="51" type="stmt" count="4"/>
        <line num="52" type="stmt" count="4"/>
        <line num="54" type="stmt" count="4"/>
        <line num="57" type="method" name="updateInstall" visibility="public" complexity="3" crap="3.00" count="5"/>
        <line num="60" type="stmt" count="5"/>
        <line num="62" type="stmt" count="5"/>
        <line num="64" type="stmt" count="5"/>
        <line num="65" type="stmt" count="5"/>
        <line num="68" type="stmt" count="5"/>
        <line num="69" type="stmt" count="5"/>
        <line num="72" type="stmt" count="5"/>
        <line num="73" type="stmt" count="5"/>
        <line num="74" type="stmt" count="5"/>
        <line num="75" type="stmt" count="5"/>
        <line num="76" type="stmt" count="5"/>
        <line num="77" type="stmt" count="5"/>
        <line num="78" type="stmt" count="5"/>
        <line num="79" type="stmt" count="5"/>
        <line num="80" type="stmt" count="5"/>
        <line num="81" type="stmt" count="5"/>
        <line num="82" type="stmt" count="5"/>
        <line num="83" type="stmt" count="0"/>
        <line num="86" type="stmt" count="5"/>
        <line num="94" type="method" name="getStatus" visibility="public" complexity="4" crap="4.07" count="4"/>
        <line num="96" type="stmt" count="4"/>
        <line num="97" type="stmt" count="4"/>
        <line num="98" type="stmt" count="4"/>
        <line num="101" type="stmt" count="4"/>
        <line num="102" type="stmt" count="0"/>
        <line num="106" type="stmt" count="4"/>
        <line num="114" type="method" name="requestVersion" visibility="public" complexity="2" crap="2.86" count="4"/>
        <line num="117" type="stmt" count="4"/>
        <line num="119" type="stmt" count="4"/>
        <line num="120" type="stmt" count="0"/>
        <line num="121" type="stmt" count="0"/>
        <line num="123" type="stmt" count="0"/>
        <metrics loc="126" ncloc="90" classes="1" methods="5" coveredmethods="2" conditionals="0" coveredconditionals="0" statements="36" coveredstatements="31" elements="41" coveredelements="33"/>
      </file>
    </package>
    <package name="Orchid\Platform\Events">
      <file name="/home/travis/build/orchidsoftware/platform/src/Platform/Events/AddRoleEvent.php">
        <class name="Orchid\Platform\Events\AddRoleEvent" namespace="Orchid\Platform\Events">
          <metrics complexity="1" methods="1" coveredmethods="1" conditionals="0" coveredconditionals="0" statements="3" coveredstatements="3" elements="4" coveredelements="4"/>
        </class>
        <line num="38" type="method" name="__construct" visibility="public" complexity="1" crap="1" count="4"/>
        <line num="40" type="stmt" count="4"/>
        <line num="41" type="stmt" count="4"/>
        <line num="42" type="stmt" count="4"/>
        <metrics loc="43" ncloc="24" classes="1" methods="1" coveredmethods="1" conditionals="0" coveredconditionals="0" statements="3" coveredstatements="3" elements="4" coveredelements="4"/>
      </file>
      <file name="/home/travis/build/orchidsoftware/platform/src/Platform/Events/InstallEvent.php">
        <class name="Orchid\Platform\Events\InstallEvent" namespace="Orchid\Platform\Events">
          <metrics complexity="1" methods="1" coveredmethods="1" conditionals="0" coveredconditionals="0" statements="2" coveredstatements="2" elements="3" coveredelements="3"/>
        </class>
        <line num="24" type="method" name="__construct" visibility="public" complexity="1" crap="1" count="1"/>
        <line num="26" type="stmt" count="1"/>
        <line num="27" type="stmt" count="1"/>
        <metrics loc="28" ncloc="17" classes="1" methods="1" coveredmethods="1" conditionals="0" coveredconditionals="0" statements="2" coveredstatements="2" elements="3" coveredelements="3"/>
      </file>
      <file name="/home/travis/build/orchidsoftware/platform/src/Platform/Events/RemoveRoleEvent.php">
        <class name="Orchid\Platform\Events\RemoveRoleEvent" namespace="Orchid\Platform\Events">
          <metrics complexity="1" methods="1" coveredmethods="1" conditionals="0" coveredconditionals="0" statements="3" coveredstatements="3" elements="4" coveredelements="4"/>
        </class>
        <line num="35" type="method" name="__construct" visibility="public" complexity="1" crap="1" count="2"/>
        <line num="37" type="stmt" count="2"/>
        <line num="38" type="stmt" count="2"/>
        <line num="39" type="stmt" count="2"/>
        <metrics loc="40" ncloc="24" classes="1" methods="1" coveredmethods="1" conditionals="0" coveredconditionals="0" statements="3" coveredstatements="3" elements="4" coveredelements="4"/>
      </file>
      <file name="/home/travis/build/orchidsoftware/platform/src/Platform/Events/UploadFileEvent.php">
        <class name="Orchid\Platform\Events\UploadFileEvent" namespace="Orchid\Platform\Events">
          <metrics complexity="1" methods="1" coveredmethods="1" conditionals="0" coveredconditionals="0" statements="3" coveredstatements="3" elements="4" coveredelements="4"/>
        </class>
        <line num="33" type="method" name="__construct" visibility="public" complexity="1" crap="1" count="16"/>
        <line num="35" type="stmt" count="16"/>
        <line num="36" type="stmt" count="16"/>
        <line num="37" type="stmt" count="16"/>
        <metrics loc="38" ncloc="23" classes="1" methods="1" coveredmethods="1" conditionals="0" coveredconditionals="0" statements="3" coveredstatements="3" elements="4" coveredelements="4"/>
      </file>
    </package>
    <package name="Orchid\Platform\Http\Composers">
      <file name="/home/travis/build/orchidsoftware/platform/src/Platform/Http/Composers/AnnouncementsComposer.php">
        <class name="Orchid\Platform\Http\Composers\AnnouncementsComposer" namespace="Orchid\Platform\Http\Composers">
          <metrics complexity="1" methods="1" coveredmethods="1" conditionals="0" coveredconditionals="0" statements="4" coveredstatements="4" elements="5" coveredelements="5"/>
        </class>
        <line num="18" type="method" name="compose" visibility="public" complexity="1" crap="1" count="13"/>
        <line num="20" type="stmt" count="13"/>
        <line num="21" type="stmt" count="13"/>
        <line num="23" type="stmt" count="13"/>
        <line num="24" type="stmt" count="13"/>
        <metrics loc="25" ncloc="20" classes="1" methods="1" coveredmethods="1" conditionals="0" coveredconditionals="0" statements="4" coveredstatements="4" elements="5" coveredelements="5"/>
      </file>
      <file name="/home/travis/build/orchidsoftware/platform/src/Platform/Http/Composers/LockMeComposer.php">
        <class name="Orchid\Platform\Http\Composers\LockMeComposer" namespace="Orchid\Platform\Http\Composers">
          <metrics complexity="2" methods="2" coveredmethods="1" conditionals="0" coveredconditionals="0" statements="10" coveredstatements="9" elements="12" coveredelements="10"/>
        </class>
        <line num="31" type="method" name="__construct" visibility="public" complexity="1" crap="1" count="1"/>
        <line num="33" type="stmt" count="1"/>
        <line num="34" type="stmt" count="1"/>
        <line num="35" type="stmt" count="1"/>
        <line num="40" type="method" name="compose" visibility="public" complexity="1" crap="1.00" count="1"/>
        <line num="42" type="stmt" count="1"/>
        <line num="45" type="stmt" count="1"/>
        <line num="47" type="stmt" count="1"/>
        <line num="49" type="stmt" count="1"/>
        <line num="52" type="stmt" count="0"/>
        <line num="53" type="stmt" count="1"/>
        <line num="54" type="stmt" count="1"/>
        <metrics loc="55" ncloc="39" classes="1" methods="2" coveredmethods="1" conditionals="0" coveredconditionals="0" statements="10" coveredstatements="9" elements="12" coveredelements="10"/>
      </file>
      <file name="/home/travis/build/orchidsoftware/platform/src/Platform/Http/Composers/NotificationsComposer.php">
        <class name="Orchid\Platform\Http\Composers\NotificationsComposer" namespace="Orchid\Platform\Http\Composers">
          <metrics complexity="1" methods="1" coveredmethods="1" conditionals="0" coveredconditionals="0" statements="5" coveredstatements="5" elements="6" coveredelements="6"/>
        </class>
        <line num="18" type="method" name="compose" visibility="public" complexity="1" crap="1" count="12"/>
        <line num="20" type="stmt" count="12"/>
        <line num="21" type="stmt" count="12"/>
        <line num="22" type="stmt" count="12"/>
        <line num="24" type="stmt" count="12"/>
        <line num="25" type="stmt" count="12"/>
        <metrics loc="26" ncloc="21" classes="1" methods="1" coveredmethods="1" conditionals="0" coveredconditionals="0" statements="5" coveredstatements="5" elements="6" coveredelements="6"/>
      </file>
      <file name="/home/travis/build/orchidsoftware/platform/src/Platform/Http/Composers/SystemMenuComposer.php">
        <class name="Orchid\Platform\Http\Composers\SystemMenuComposer" namespace="Orchid\Platform\Http\Composers">
          <metrics complexity="2" methods="2" coveredmethods="2" conditionals="0" coveredconditionals="0" statements="15" coveredstatements="15" elements="17" coveredelements="17"/>
        </class>
        <line num="23" type="method" name="__construct" visibility="public" complexity="1" crap="1" count="1"/>
        <line num="25" type="stmt" count="1"/>
        <line num="26" type="stmt" count="1"/>
        <line num="31" type="method" name="compose" visibility="public" complexity="1" crap="1" count="1"/>
        <line num="33" type="stmt" count="1"/>
        <line num="34" type="stmt" count="1"/>
        <line num="35" type="stmt" count="1"/>
        <line num="36" type="stmt" count="1"/>
        <line num="37" type="stmt" count="1"/>
        <line num="38" type="stmt" count="1"/>
        <line num="40" type="stmt" count="1"/>
        <line num="41" type="stmt" count="1"/>
        <line num="42" type="stmt" count="1"/>
        <line num="43" type="stmt" count="1"/>
        <line num="44" type="stmt" count="1"/>
        <line num="45" type="stmt" count="1"/>
        <line num="47" type="stmt" count="1"/>
        <metrics loc="48" ncloc="37" classes="1" methods="2" coveredmethods="2" conditionals="0" coveredconditionals="0" statements="15" coveredstatements="15" elements="17" coveredelements="17"/>
      </file>
    </package>
    <package name="Orchid\Platform\Http\Controllers\Auth">
      <file name="/home/travis/build/orchidsoftware/platform/src/Platform/Http/Controllers/Auth/ForgotPasswordController.php">
        <class name="Orchid\Platform\Http\Controllers\Auth\ForgotPasswordController" namespace="Orchid\Platform\Http\Controllers\Auth">
          <metrics complexity="2" methods="2" coveredmethods="2" conditionals="0" coveredconditionals="0" statements="3" coveredstatements="3" elements="5" coveredelements="5"/>
        </class>
        <line num="30" type="method" name="__construct" visibility="public" complexity="1" crap="1" count="1"/>
        <line num="32" type="stmt" count="1"/>
        <line num="33" type="stmt" count="1"/>
        <line num="38" type="method" name="showLinkRequestForm" visibility="public" complexity="1" crap="1" count="1"/>
        <line num="40" type="stmt" count="1"/>
        <metrics loc="42" ncloc="26" classes="1" methods="2" coveredmethods="2" conditionals="0" coveredconditionals="0" statements="3" coveredstatements="3" elements="5" coveredelements="5"/>
      </file>
      <file name="/home/travis/build/orchidsoftware/platform/src/Platform/Http/Controllers/Auth/LoginController.php">
        <class name="Orchid\Platform\Http\Controllers\Auth\LoginController" namespace="Orchid\Platform\Http\Controllers\Auth">
          <metrics complexity="6" methods="6" coveredmethods="5" conditionals="0" coveredconditionals="0" statements="11" coveredstatements="9" elements="17" coveredelements="14"/>
        </class>
        <line num="33" type="method" name="__construct" visibility="public" complexity="1" crap="1" count="5"/>
        <line num="35" type="stmt" count="5"/>
        <line num="37" type="stmt" count="5"/>
        <line num="41" type="stmt" count="5"/>
        <line num="46" type="method" name="showLoginForm" visibility="public" complexity="1" crap="1" count="1"/>
        <line num="48" type="stmt" count="1"/>
        <line num="56" type="method" name="redirectTo" visibility="public" complexity="1" crap="1" count="1"/>
        <line num="58" type="stmt" count="1"/>
        <line num="66" type="method" name="sendFailedLoginResponse" visibility="protected" complexity="1" crap="1" count="1"/>
        <line num="68" type="stmt" count="1"/>
        <line num="69" type="stmt" count="1"/>
        <line num="78" type="method" name="resetCookieLockMe" visibility="public" complexity="1" crap="1" count="1"/>
        <line num="80" type="stmt" count="1"/>
        <line num="82" type="stmt" count="1"/>
        <line num="88" type="method" name="switchLogout" visibility="public" complexity="1" crap="2.00" count="0"/>
        <line num="90" type="stmt" count="0"/>
        <line num="92" type="stmt" count="0"/>
        <metrics loc="94" ncloc="60" classes="1" methods="6" coveredmethods="5" conditionals="0" coveredconditionals="0" statements="11" coveredstatements="9" elements="17" coveredelements="14"/>
      </file>
      <file name="/home/travis/build/orchidsoftware/platform/src/Platform/Http/Controllers/Auth/ResetPasswordController.php">
        <class name="Orchid\Platform\Http\Controllers\Auth\ResetPasswordController" namespace="Orchid\Platform\Http\Controllers\Auth">
          <metrics complexity="3" methods="3" coveredmethods="2" conditionals="0" coveredconditionals="0" statements="4" coveredstatements="3" elements="7" coveredelements="5"/>
        </class>
        <line num="33" type="method" name="__construct" visibility="public" complexity="1" crap="1" count="2"/>
        <line num="35" type="stmt" count="2"/>
        <line num="36" type="stmt" count="2"/>
        <line num="48" type="method" name="showResetForm" visibility="public" complexity="1" crap="1" count="1"/>
        <line num="50" type="stmt" count="1"/>
        <line num="58" type="method" name="redirectTo" visibility="public" complexity="1" crap="2.00" count="0"/>
        <line num="60" type="stmt" count="0"/>
        <metrics loc="62" ncloc="34" classes="1" methods="3" coveredmethods="2" conditionals="0" coveredconditionals="0" statements="4" coveredstatements="3" elements="7" coveredelements="5"/>
      </file>
    </package>
    <package name="Orchid\Platform\Http\Controllers">
      <file name="/home/travis/build/orchidsoftware/platform/src/Platform/Http/Controllers/Controller.php">
        <class name="Orchid\Platform\Http\Controllers\Controller" namespace="Orchid\Platform\Http\Controllers">
          <metrics complexity="3" methods="1" coveredmethods="0" conditionals="0" coveredconditionals="0" statements="6" coveredstatements="5" elements="7" coveredelements="5"/>
        </class>
        <line num="23" type="method" name="checkPermission" visibility="protected" complexity="3" crap="3.04" count="7"/>
        <line num="26" type="stmt" count="7"/>
        <line num="27" type="stmt" count="7"/>
        <line num="29" type="stmt" count="0"/>
        <line num="30" type="stmt" count="7"/>
        <line num="32" type="stmt" count="7"/>
        <line num="33" type="stmt" count="7"/>
        <metrics loc="34" ncloc="28" classes="1" methods="1" coveredmethods="0" conditionals="0" coveredconditionals="0" statements="6" coveredstatements="5" elements="7" coveredelements="5"/>
      </file>
    </package>
    <package name="Orchid\Platform\Http\Controllers\Systems">
      <file name="/home/travis/build/orchidsoftware/platform/src/Platform/Http/Controllers/Systems/AttachmentController.php">
        <class name="Orchid\Platform\Http\Controllers\Systems\AttachmentController" namespace="Orchid\Platform\Http\Controllers\Systems">
          <metrics complexity="10" methods="7" coveredmethods="6" conditionals="0" coveredconditionals="0" statements="33" coveredstatements="31" elements="40" coveredelements="37"/>
        </class>
        <line num="32" type="method" name="__construct" visibility="public" complexity="1" crap="1" count="6"/>
        <line num="34" type="stmt" count="6"/>
        <line num="35" type="stmt" count="6"/>
        <line num="36" type="stmt" count="6"/>
        <line num="45" type="method" name="upload" visibility="public" complexity="4" crap="4" count="6"/>
        <line num="47" type="stmt" count="6"/>
        <line num="48" type="stmt" count="6"/>
        <line num="49" type="stmt" count="6"/>
        <line num="51" type="stmt" count="6"/>
        <line num="52" type="stmt" count="6"/>
        <line num="56" type="stmt" count="6"/>
        <line num="58" type="stmt" count="6"/>
        <line num="64" type="method" name="sort" visibility="public" complexity="1" crap="1" count="1"/>
        <line num="66" type="stmt" count="1"/>
        <line num="68" type="stmt" count="1"/>
        <line num="69" type="stmt" count="1"/>
        <line num="70" type="stmt" count="1"/>
        <line num="71" type="stmt" count="1"/>
        <line num="72" type="stmt" count="1"/>
        <line num="80" type="method" name="destroy" visibility="public" complexity="1" crap="1" count="1"/>
        <line num="82" type="stmt" count="1"/>
        <line num="83" type="stmt" count="1"/>
        <line num="84" type="stmt" count="1"/>
        <line num="92" type="method" name="update" visibility="public" complexity="1" crap="1" count="1"/>
        <line num="94" type="stmt" count="1"/>
        <line num="95" type="stmt" count="1"/>
        <line num="96" type="stmt" count="1"/>
        <line num="98" type="stmt" count="1"/>
        <line num="100" type="stmt" count="1"/>
        <line num="111" type="method" name="createModel" visibility="private" complexity="1" crap="1" count="6"/>
        <line num="113" type="stmt" count="6"/>
        <line num="114" type="stmt" count="6"/>
        <line num="115" type="stmt" count="6"/>
        <line num="116" type="stmt" count="6"/>
        <line num="117" type="stmt" count="6"/>
        <line num="119" type="stmt" count="6"/>
        <line num="121" type="stmt" count="6"/>
        <line num="127" type="method" name="media" visibility="public" complexity="1" crap="2.00" count="0"/>
        <line num="129" type="stmt" count="0"/>
        <line num="131" type="stmt" count="0"/>
        <metrics loc="133" ncloc="91" classes="1" methods="7" coveredmethods="6" conditionals="0" coveredconditionals="0" statements="33" coveredstatements="31" elements="40" coveredelements="37"/>
      </file>
      <file name="/home/travis/build/orchidsoftware/platform/src/Platform/Http/Controllers/Systems/IndexController.php">
        <class name="Orchid\Platform\Http\Controllers\Systems\IndexController" namespace="Orchid\Platform\Http\Controllers\Systems">
          <metrics complexity="2" methods="2" coveredmethods="2" conditionals="0" coveredconditionals="0" statements="2" coveredstatements="2" elements="4" coveredelements="4"/>
        </class>
        <line num="19" type="method" name="index" visibility="public" complexity="1" crap="1" count="1"/>
        <line num="21" type="stmt" count="1"/>
        <line num="27" type="method" name="fallback" visibility="public" complexity="1" crap="1" count="1"/>
        <line num="29" type="stmt" count="1"/>
        <metrics loc="31" ncloc="22" classes="1" methods="2" coveredmethods="2" conditionals="0" coveredconditionals="0" statements="2" coveredstatements="2" elements="4" coveredelements="4"/>
      </file>
      <file name="/home/travis/build/orchidsoftware/platform/src/Platform/Http/Controllers/Systems/NotificationController.php">
        <class name="Orchid\Platform\Http\Controllers\Systems\NotificationController" namespace="Orchid\Platform\Http\Controllers\Systems">
          <metrics complexity="2" methods="2" coveredmethods="2" conditionals="0" coveredconditionals="0" statements="8" coveredstatements="8" elements="10" coveredelements="10"/>
        </class>
        <line num="17" type="method" name="markAllAsRead" visibility="public" complexity="1" crap="1" count="1"/>
        <line num="19" type="stmt" count="1"/>
        <line num="20" type="stmt" count="1"/>
        <line num="21" type="stmt" count="1"/>
        <line num="23" type="stmt" count="1"/>
        <line num="29" type="method" name="remove" visibility="public" complexity="1" crap="1" count="1"/>
        <line num="31" type="stmt" count="1"/>
        <line num="32" type="stmt" count="1"/>
        <line num="33" type="stmt" count="1"/>
        <line num="35" type="stmt" count="1"/>
        <metrics loc="37" ncloc="31" classes="1" methods="2" coveredmethods="2" conditionals="0" coveredconditionals="0" statements="8" coveredstatements="8" elements="10" coveredelements="10"/>
      </file>
      <file name="/home/travis/build/orchidsoftware/platform/src/Platform/Http/Controllers/Systems/RelationController.php">
        <class name="Orchid\Platform\Http\Controllers\Systems\RelationController" namespace="Orchid\Platform\Http\Controllers\Systems">
          <metrics complexity="7" methods="2" coveredmethods="0" conditionals="0" coveredconditionals="0" statements="21" coveredstatements="0" elements="23" coveredelements="0"/>
        </class>
        <line num="21" type="method" name="view" visibility="public" complexity="3" crap="12.00" count="0"/>
        <line num="24" type="stmt" count="0"/>
        <line num="25" type="stmt" count="0"/>
        <line num="26" type="stmt" count="0"/>
        <line num="27" type="stmt" count="0"/>
        <line num="29" type="stmt" count="0"/>
        <line num="30" type="stmt" count="0"/>
        <line num="33" type="stmt" count="0"/>
        <line num="34" type="stmt" count="0"/>
        <line num="36" type="stmt" count="0"/>
        <line num="37" type="stmt" count="0"/>
        <line num="40" type="stmt" count="0"/>
        <line num="42" type="stmt" count="0"/>
        <line num="54" type="method" name="getItems" visibility="private" complexity="4" crap="20.00" count="0"/>
        <line num="56" type="stmt" count="0"/>
        <line num="57" type="stmt" count="0"/>
        <line num="61" type="stmt" count="0"/>
        <line num="62" type="stmt" count="0"/>
        <line num="65" type="stmt" count="0"/>
        <line num="67" type="stmt" count="0"/>
        <line num="69" type="stmt" count="0"/>
        <line num="70" type="stmt" count="0"/>
        <line num="73" type="stmt" count="0"/>
        <metrics loc="75" ncloc="59" classes="1" methods="2" coveredmethods="0" conditionals="0" coveredconditionals="0" statements="21" coveredstatements="0" elements="23" coveredelements="0"/>
      </file>
      <file name="/home/travis/build/orchidsoftware/platform/src/Platform/Http/Controllers/Systems/ResourceController.php">
        <class name="Orchid\Platform\Http\Controllers\Systems\ResourceController" namespace="Orchid\Platform\Http\Controllers\Systems">
          <metrics complexity="1" methods="1" coveredmethods="1" conditionals="0" coveredconditionals="0" statements="19" coveredstatements="19" elements="20" coveredelements="20"/>
        </class>
        <line num="32" type="method" name="show" visibility="public" complexity="1" crap="1" count="1"/>
        <line num="35" type="stmt" count="1"/>
        <line num="36" type="stmt" count="1"/>
        <line num="38" type="stmt" count="1"/>
        <line num="40" type="stmt" count="1"/>
        <line num="41" type="stmt" count="1"/>
        <line num="42" type="stmt" count="1"/>
        <line num="43" type="stmt" count="1"/>
        <line num="44" type="stmt" count="1"/>
        <line num="45" type="stmt" count="1"/>
        <line num="46" type="stmt" count="1"/>
        <line num="48" type="stmt" count="1"/>
        <line num="49" type="stmt" count="1"/>
        <line num="51" type="stmt" count="1"/>
        <line num="53" type="stmt" count="1"/>
        <line num="55" type="stmt" count="1"/>
        <line num="56" type="stmt" count="1"/>
        <line num="58" type="stmt" count="1"/>
        <line num="59" type="stmt" count="1"/>
        <line num="60" type="stmt" count="1"/>
[...]
        </class>
        <line num="39" type="method" name="build" visibility="public" complexity="1" crap="2.00" count="0"/>
        <line num="41" type="stmt" count="0"/>
        <line num="42" type="stmt" count="0"/>
        <line num="44" type="stmt" count="0"/>
        <line num="45" type="stmt" count="0"/>
        <line num="46" type="stmt" count="0"/>
        <line num="47" type="stmt" count="0"/>
        <line num="56" type="method" name="label" visibility="public" complexity="1" crap="2.00" count="0"/>
        <line num="58" type="stmt" count="0"/>
        <line num="60" type="stmt" count="0"/>
        <metrics loc="67" ncloc="40" classes="1" methods="2" coveredmethods="0" conditionals="0" coveredconditionals="0" statements="8" coveredstatements="0" elements="10" coveredelements="0"/>
      </file>
      <file name="/home/travis/build/orchidsoftware/platform/src/Screen/Layouts/Columns.php">
        <class name="Orchid\Screen\Layouts\Columns" namespace="Orchid\Screen\Layouts">
          <metrics complexity="1" methods="1" coveredmethods="1" conditionals="0" coveredconditionals="0" statements="1" coveredstatements="1" elements="2" coveredelements="2"/>
        </class>
        <line num="24" type="method" name="build" visibility="public" complexity="1" crap="1" count="1"/>
        <line num="26" type="stmt" count="1"/>
        <metrics loc="28" ncloc="17" classes="1" methods="1" coveredmethods="1" conditionals="0" coveredconditionals="0" statements="1" coveredstatements="1" elements="2" coveredelements="2"/>
      </file>
      <file name="/home/travis/build/orchidsoftware/platform/src/Screen/Layouts/Metric.php">
        <class name="Orchid\Screen\Layouts\Metric" namespace="Orchid\Screen\Layouts">
          <metrics complexity="1" methods="1" coveredmethods="1" conditionals="0" coveredconditionals="0" statements="7" coveredstatements="7" elements="8" coveredelements="8"/>
        </class>
        <line num="50" type="method" name="build" visibility="public" complexity="1" crap="1" count="1"/>
        <line num="52" type="stmt" count="1"/>
        <line num="53" type="stmt" count="1"/>
        <line num="55" type="stmt" count="1"/>
        <line num="56" type="stmt" count="1"/>
        <line num="57" type="stmt" count="1"/>
        <line num="58" type="stmt" count="1"/>
        <line num="59" type="stmt" count="1"/>
        <metrics loc="62" ncloc="36" classes="1" methods="1" coveredmethods="1" conditionals="0" coveredconditionals="0" statements="7" coveredstatements="7" elements="8" coveredelements="8"/>
      </file>
      <file name="/home/travis/build/orchidsoftware/platform/src/Screen/Layouts/Modals.php">
        <class name="Orchid\Screen\Layouts\Modals" namespace="Orchid\Screen\Layouts">
          <metrics complexity="6" methods="6" coveredmethods="5" conditionals="0" coveredconditionals="0" statements="16" coveredstatements="14" elements="22" coveredelements="19"/>
        </class>
        <line num="30" type="method" name="__construct" visibility="public" complexity="1" crap="1" count="4"/>
        <line num="32" type="stmt" count="4"/>
        <line num="33" type="stmt" count="4"/>
        <line num="34" type="stmt" count="4"/>
        <line num="35" type="stmt" count="4"/>
        <line num="36" type="stmt" count="4"/>
        <line num="39" type="stmt" count="4"/>
        <line num="40" type="stmt" count="4"/>
        <line num="47" type="method" name="build" visibility="public" complexity="1" crap="1" count="4"/>
        <line num="49" type="stmt" count="4"/>
        <line num="59" type="method" name="applyButton" visibility="public" complexity="1" crap="1" count="1"/>
        <line num="61" type="stmt" count="1"/>
        <line num="63" type="stmt" count="1"/>
        <line num="73" type="method" name="closeButton" visibility="public" complexity="1" crap="1" count="1"/>
        <line num="75" type="stmt" count="1"/>
        <line num="77" type="stmt" count="1"/>
        <line num="87" type="method" name="size" visibility="public" complexity="1" crap="1" count="1"/>
        <line num="89" type="stmt" count="1"/>
        <line num="91" type="stmt" count="1"/>
        <line num="101" type="method" name="type" visibility="public" complexity="1" crap="2.00" count="0"/>
        <line num="103" type="stmt" count="0"/>
        <line num="105" type="stmt" count="0"/>
        <metrics loc="107" ncloc="63" classes="1" methods="6" coveredmethods="5" conditionals="0" coveredconditionals="0" statements="16" coveredstatements="14" elements="22" coveredelements="19"/>
      </file>
      <file name="/home/travis/build/orchidsoftware/platform/src/Screen/Layouts/Rows.php">
        <class name="Orchid\Screen\Layouts\Rows" namespace="Orchid\Screen\Layouts">
          <metrics complexity="3" methods="2" coveredmethods="2" conditionals="0" coveredconditionals="0" statements="7" coveredstatements="7" elements="9" coveredelements="9"/>
        </class>
        <line num="39" type="method" name="build" visibility="public" complexity="1" crap="1" count="10"/>
        <line num="41" type="stmt" count="10"/>
        <line num="42" type="stmt" count="10"/>
        <line num="44" type="stmt" count="10"/>
        <line num="45" type="stmt" count="10"/>
        <line num="46" type="stmt" count="10"/>
        <line num="55" type="method" name="with" visibility="public" complexity="1" crap="1" count="1"/>
        <line num="57" type="stmt" count="1"/>
        <line num="59" type="stmt" count="1"/>
        <metrics loc="66" ncloc="39" classes="1" methods="2" coveredmethods="2" conditionals="0" coveredconditionals="0" statements="7" coveredstatements="7" elements="9" coveredelements="9"/>
      </file>
      <file name="/home/travis/build/orchidsoftware/platform/src/Screen/Layouts/Selection.php">
        <class name="Orchid\Screen\Layouts\Selection" namespace="Orchid\Screen\Layouts">
          <metrics complexity="4" methods="1" coveredmethods="0" conditionals="0" coveredconditionals="0" statements="9" coveredstatements="8" elements="10" coveredelements="8"/>
        </class>
        <line num="26" type="method" name="build" visibility="public" complexity="3" crap="3.01" count="1"/>
        <line num="28" type="stmt" count="1"/>
        <line num="29" type="stmt" count="1"/>
        <line num="31" type="stmt" count="1"/>
        <line num="32" type="stmt" count="0"/>
        <line num="35" type="stmt" count="1"/>
        <line num="36" type="stmt" count="1"/>
        <line num="39" type="stmt" count="1"/>
        <line num="40" type="stmt" count="1"/>
        <line num="41" type="stmt" count="1"/>
        <metrics loc="49" ncloc="35" classes="1" methods="1" coveredmethods="0" conditionals="0" coveredconditionals="0" statements="9" coveredstatements="8" elements="10" coveredelements="8"/>
      </file>
      <file name="/home/travis/build/orchidsoftware/platform/src/Screen/Layouts/Table.php">
        <class name="Orchid\Screen\Layouts\Table" namespace="Orchid\Screen\Layouts">
          <metrics complexity="2" methods="1" coveredmethods="1" conditionals="0" coveredconditionals="0" statements="5" coveredstatements="5" elements="6" coveredelements="6"/>
        </class>
        <line num="31" type="method" name="build" visibility="public" complexity="1" crap="1" count="3"/>
        <line num="34" type="stmt" count="3"/>
        <line num="35" type="stmt" count="3"/>
        <line num="37" type="stmt" count="3"/>
        <line num="38" type="stmt" count="3"/>
        <line num="39" type="stmt" count="3"/>
        <metrics loc="47" ncloc="30" classes="1" methods="1" coveredmethods="1" conditionals="0" coveredconditionals="0" statements="5" coveredstatements="5" elements="6" coveredelements="6"/>
      </file>
      <file name="/home/travis/build/orchidsoftware/platform/src/Screen/Layouts/Tabs.php">
        <class name="Orchid\Screen\Layouts\Tabs" namespace="Orchid\Screen\Layouts">
          <metrics complexity="1" methods="1" coveredmethods="1" conditionals="0" coveredconditionals="0" statements="1" coveredstatements="1" elements="2" coveredelements="2"/>
        </class>
        <line num="24" type="method" name="build" visibility="public" complexity="1" crap="1" count="1"/>
        <line num="26" type="stmt" count="1"/>
        <metrics loc="28" ncloc="17" classes="1" methods="1" coveredmethods="1" conditionals="0" coveredconditionals="0" statements="1" coveredstatements="1" elements="2" coveredelements="2"/>
      </file>
      <file name="/home/travis/build/orchidsoftware/platform/src/Screen/Layouts/View.php">
        <class name="Orchid\Screen\Layouts\View" namespace="Orchid\Screen\Layouts">
          <metrics complexity="2" methods="2" coveredmethods="2" conditionals="0" coveredconditionals="0" statements="3" coveredstatements="3" elements="5" coveredelements="5"/>
        </class>
        <line num="24" type="method" name="__construct" visibility="public" complexity="1" crap="1" count="3"/>
        <line num="26" type="stmt" count="3"/>
        <line num="27" type="stmt" count="3"/>
        <line num="34" type="method" name="build" visibility="public" complexity="1" crap="1" count="3"/>
        <line num="36" type="stmt" count="3"/>
        <metrics loc="38" ncloc="22" classes="1" methods="2" coveredmethods="2" conditionals="0" coveredconditionals="0" statements="3" coveredstatements="3" elements="5" coveredelements="5"/>
      </file>
      <file name="/home/travis/build/orchidsoftware/platform/src/Screen/Layouts/Wrapper.php">
        <class name="Orchid\Screen\Layouts\Wrapper" namespace="Orchid\Screen\Layouts">
          <metrics complexity="5" methods="2" coveredmethods="1" conditionals="0" coveredconditionals="0" statements="12" coveredstatements="11" elements="14" coveredelements="12"/>
        </class>
        <line num="26" type="method" name="__construct" visibility="public" complexity="1" crap="1" count="2"/>
        <line num="28" type="stmt" count="2"/>
        <line num="29" type="stmt" count="2"/>
        <line num="30" type="stmt" count="2"/>
        <line num="37" type="method" name="build" visibility="public" complexity="4" crap="4.02" count="2"/>
        <line num="39" type="stmt" count="2"/>
        <line num="41" type="stmt" count="2"/>
        <line num="42" type="stmt" count="0"/>
        <line num="45" type="stmt" count="2"/>
        <line num="46" type="stmt" count="1"/>
        <line num="47" type="stmt" count="1"/>
        <line num="49" type="stmt" count="1"/>
        <line num="52" type="stmt" count="2"/>
        <line num="54" type="stmt" count="2"/>
        <metrics loc="56" ncloc="39" classes="1" methods="2" coveredmethods="1" conditionals="0" coveredconditionals="0" statements="12" coveredstatements="11" elements="14" coveredelements="12"/>
      </file>
    </package>
    <package name="Orchid\Setting">
      <file name="/home/travis/build/orchidsoftware/platform/src/Setting/Setting.php">
        <class name="Orchid\Setting\Setting" namespace="Orchid\Setting">
          <metrics complexity="10" methods="5" coveredmethods="5" conditionals="0" coveredconditionals="0" statements="24" coveredstatements="24" elements="29" coveredelements="29"/>
        </class>
        <line num="63" type="method" name="set" visibility="public" complexity="1" crap="1" count="4"/>
        <line num="65" type="stmt" count="4"/>
        <line num="66" type="stmt" count="4"/>
        <line num="67" type="stmt" count="4"/>
        <line num="68" type="stmt" count="4"/>
        <line num="69" type="stmt" count="4"/>
        <line num="71" type="stmt" count="4"/>
        <line num="73" type="stmt" count="4"/>
        <line num="81" type="method" name="cacheForget" visibility="private" complexity="2" crap="2" count="4"/>
        <line num="83" type="stmt" count="4"/>
        <line num="84" type="stmt" count="4"/>
        <line num="86" type="stmt" count="4"/>
        <line num="95" type="method" name="get" visibility="public" complexity="2" crap="2" count="4"/>
        <line num="97" type="stmt" count="4"/>
        <line num="98" type="stmt" count="3"/>
        <line num="101" type="stmt" count="1"/>
        <line num="104" type="stmt" count="1"/>
        <line num="105" type="stmt" count="1"/>
        <line num="114" type="method" name="getNoCache" visibility="public" complexity="4" crap="4" count="4"/>
        <line num="116" type="stmt" count="4"/>
        <line num="117" type="stmt" count="1"/>
        <line num="119" type="stmt" count="1"/>
        <line num="122" type="stmt" count="3"/>
        <line num="124" type="stmt" count="3"/>
        <line num="132" type="method" name="forget" visibility="public" complexity="1" crap="1" count="2"/>
        <line num="134" type="stmt" count="2"/>
        <line num="135" type="stmt" count="2"/>
        <line num="136" type="stmt" count="2"/>
        <line num="138" type="stmt" count="2"/>
        <metrics loc="140" ncloc="86" classes="1" methods="5" coveredmethods="5" conditionals="0" coveredconditionals="0" statements="24" coveredstatements="24" elements="29" coveredelements="29"/>
      </file>
    </package>
    <package name="Orchid\Support">
      <file name="/home/travis/build/orchidsoftware/platform/src/Support/Assert.php">
        <class name="Orchid\Support\Assert" namespace="Orchid\Support">
          <metrics complexity="2" methods="1" coveredmethods="1" conditionals="0" coveredconditionals="0" statements="3" coveredstatements="3" elements="4" coveredelements="4"/>
        </class>
        <line num="14" type="method" name="isIntArray" visibility="public" complexity="2" crap="2" count="6"/>
        <line num="16" type="stmt" count="6"/>
        <line num="17" type="stmt" count="1"/>
        <line num="20" type="stmt" count="5"/>
        <metrics loc="22" ncloc="17" classes="1" methods="1" coveredmethods="1" conditionals="0" coveredconditionals="0" statements="3" coveredstatements="3" elements="4" coveredelements="4"/>
      </file>
      <file name="/home/travis/build/orchidsoftware/platform/src/Support/Formats.php">
        <class name="Orchid\Support\Formats" namespace="Orchid\Support">
          <metrics complexity="3" methods="2" coveredmethods="2" conditionals="0" coveredconditionals="0" statements="6" coveredstatements="6" elements="8" coveredelements="8"/>
        </class>
        <line num="16" type="method" name="toDateTimeString" visibility="public" complexity="1" crap="1" count="1"/>
        <line num="18" type="stmt" count="1"/>
        <line num="29" type="method" name="formatBytes" visibility="public" complexity="2" crap="2" count="1"/>
        <line num="31" type="stmt" count="1"/>
        <line num="32" type="stmt" count="1"/>
        <line num="35" type="stmt" count="1"/>
        <line num="36" type="stmt" count="1"/>
        <line num="38" type="stmt" count="1"/>
        <metrics loc="40" ncloc="27" classes="1" methods="2" coveredmethods="2" conditionals="0" coveredconditionals="0" statements="6" coveredstatements="6" elements="8" coveredelements="8"/>
      </file>
    </package>
    <package name="Orchid\Support\Facades">
      <file name="/home/travis/build/orchidsoftware/platform/src/Support/Facades/Alert.php">
        <class name="Orchid\Support\Facades\Alert" namespace="Orchid\Support\Facades">
          <metrics complexity="1" methods="1" coveredmethods="1" conditionals="0" coveredconditionals="0" statements="1" coveredstatements="1" elements="2" coveredelements="2"/>
        </class>
        <line num="25" type="method" name="getFacadeAccessor" visibility="protected" complexity="1" crap="1" count="7"/>
        <line num="27" type="stmt" count="7"/>
        <metrics loc="29" ncloc="16" classes="1" methods="1" coveredmethods="1" conditionals="0" coveredconditionals="0" statements="1" coveredstatements="1" elements="2" coveredelements="2"/>
      </file>
      <file name="/home/travis/build/orchidsoftware/platform/src/Support/Facades/Dashboard.php">
        <class name="Orchid\Support\Facades\Dashboard" namespace="Orchid\Support\Facades">
          <metrics complexity="1" methods="1" coveredmethods="1" conditionals="0" coveredconditionals="0" statements="1" coveredstatements="1" elements="2" coveredelements="2"/>
        </class>
        <line num="20" type="method" name="getFacadeAccessor" visibility="protected" complexity="1" crap="1" count="152"/>
        <line num="22" type="stmt" count="152"/>
        <metrics loc="24" ncloc="16" classes="1" methods="1" coveredmethods="1" conditionals="0" coveredconditionals="0" statements="1" coveredstatements="1" elements="2" coveredelements="2"/>
      </file>
      <file name="/home/travis/build/orchidsoftware/platform/src/Support/Facades/Setting.php">
        <class name="Orchid\Support\Facades\Setting" namespace="Orchid\Support\Facades">
          <metrics complexity="1" methods="1" coveredmethods="1" conditionals="0" coveredconditionals="0" statements="1" coveredstatements="1" elements="2" coveredelements="2"/>
        </class>
        <line num="25" type="method" name="getFacadeAccessor" visibility="protected" complexity="1" crap="1" count="1"/>
        <line num="27" type="stmt" count="1"/>
        <metrics loc="29" ncloc="16" classes="1" methods="1" coveredmethods="1" conditionals="0" coveredconditionals="0" statements="1" coveredstatements="1" elements="2" coveredelements="2"/>
      </file>
    </package>
    <file name="/home/travis/build/orchidsoftware/platform/src/Support/helpers.php">
      <line num="25" type="stmt" count="1"/>
      <line num="27" type="stmt" count="1"/>
      <line num="28" type="stmt" count="1"/>
      <line num="31" type="stmt" count="0"/>
      <line num="44" type="stmt" count="1"/>
      <line num="63" type="stmt" count="0"/>
      <line num="64" type="stmt" count="0"/>
      <line num="67" type="stmt" count="0"/>
      <line num="68" type="stmt" count="0"/>
      <line num="69" type="stmt" count="0"/>
      <line num="70" type="stmt" count="0"/>
      <line num="83" type="stmt" count="2"/>
      <line num="85" type="stmt" count="2"/>
      <line num="98" type="stmt" count="0"/>
      <line num="100" type="stmt" count="0"/>
      <line num="113" type="stmt" count="3"/>
      <line num="115" type="stmt" count="3"/>
      <line num="128" type="stmt" count="3"/>
      <line num="130" type="stmt" count="3"/>
      <line num="131" type="stmt" count="0"/>
      <line num="134" type="stmt" count="3"/>
      <line num="147" type="stmt" count="2"/>
      <line num="149" type="stmt" count="2"/>
      <line num="165" type="stmt" count="16"/>
      <line num="167" type="stmt" count="16"/>
      <line num="168" type="stmt" count="16"/>
      <line num="170" type="stmt" count="16"/>
      <line num="171" type="stmt" count="16"/>
      <line num="172" type="stmt" count="16"/>
      <line num="173" type="stmt" count="16"/>
      <line num="174" type="stmt" count="16"/>
      <line num="176" type="stmt" count="16"/>
      <line num="177" type="stmt" count="16"/>
      <line num="180" type="stmt" count="16"/>
      <line num="181" type="stmt" count="0"/>
      <line num="184" type="stmt" count="16"/>
      <line num="186" type="stmt" count="16"/>
      <line num="188" type="stmt" count="16"/>
      <line num="189" type="stmt" count="16"/>
      <line num="192" type="stmt" count="16"/>
      <line num="193" type="stmt" count="16"/>
      <line num="196" type="stmt" count="0"/>
      <metrics loc="198" ncloc="138" classes="0" methods="0" coveredmethods="0" conditionals="0" coveredconditionals="0" statements="42" coveredstatements="30" elements="42" coveredelements="30"/>
    </file>
    <metrics files="119" loc="10998" ncloc="6874" classes="114" methods="396" coveredmethods="301" conditionals="0" coveredconditionals="0" statements="1576" coveredstatements="1328" elements="1972" coveredelements="1629"/>
  </project>
</coverage>
